<?xml version="1.0" encoding="UTF-8"?>
<!-- Generated by org.testng.reporters.JUnitXMLReporter -->
<testsuite hostname="admin-PC" ignored="13" name="Fleet Management" tests="46" failures="2" timestamp="03 Jun 2017 09:30:26 GMT" time="256.308" errors="0">
  <testcase name="validUserNameAndInvalidPass" time="5.817" classname="org.shiksha.fleet.feature.loginPageTestCaseScript"/>
  <testcase name="invalidUserNameAndValidPass" time="1.772" classname="org.shiksha.fleet.feature.loginPageTestCaseScript"/>
  <testcase name="validUserNameAndEmptyPass" time="0.686" classname="org.shiksha.fleet.feature.loginPageTestCaseScript"/>
  <testcase name="emptyUserNameAndValidPass" time="0.508" classname="org.shiksha.fleet.feature.loginPageTestCaseScript"/>
  <testcase name="wrongUserNameAndWrongPass" time="1.982" classname="org.shiksha.fleet.feature.loginPageTestCaseScript"/>
  <testcase name="emptyUserNameAndEmptyPass" time="0.853" classname="org.shiksha.fleet.feature.loginPageTestCaseScript"/>
  <testcase name="clickForgotLink" time="1.138" classname="org.shiksha.fleet.feature.loginPageTestCaseScript"/>
  <testcase name="provideUserDigitbutNotMobileNumber" time="2.697" classname="org.shiksha.fleet.feature.loginPageTestCaseScript"/>
  <testcase name="provideEmailInUserNamebutNotMobileNumber" time="2.472" classname="org.shiksha.fleet.feature.loginPageTestCaseScript"/>
  <testcase name="provideNumericInUserNamebutNotMobileNumber" time="2.517" classname="org.shiksha.fleet.feature.loginPageTestCaseScript"/>
  <testcase name="provideCorrectUserNamebutNotMobileNumber" time="2.506" classname="org.shiksha.fleet.feature.loginPageTestCaseScript"/>
  <testcase name="provideCorrectUserNameAndWrongMobileNumnber" time="3.309" classname="org.shiksha.fleet.feature.loginPageTestCaseScript"/>
  <testcase name="provideEmptyUserNameAndCorrectMobileNumber" time="2.85" classname="org.shiksha.fleet.feature.loginPageTestCaseScript"/>
  <testcase name="provideWrongUserNameAndWrongMobileNumber" time="3.837" classname="org.shiksha.fleet.feature.loginPageTestCaseScript"/>
  <testcase name="provideEmptyUserNameAndEmptyMobileNumber" time="2.41" classname="org.shiksha.fleet.feature.loginPageTestCaseScript"/>
  <testcase name="clearUserNameAndPassword" time="1.879" classname="org.shiksha.fleet.feature.loginPageTestCaseScript"/>
  <testcase name="CloseForgot" time="1.739" classname="org.shiksha.fleet.feature.loginPageTestCaseScript"/>
  <testcase name="validUserNameAndValidPass" time="6.438" classname="org.shiksha.fleet.feature.loginPageTestCaseScript"/>
  <testcase name="verifySizeHomeDropDownMenu" time="1.745" classname="org.shiksha.fleet.feature.homePageTestCases"/>
  <testcase name="clickDashboard" time="1.645" classname="org.shiksha.fleet.feature.homePageTestCases"/>
  <testcase name="verifyTotalEmpReport" time="0.705" classname="org.shiksha.fleet.feature.homePageTestCases"/>
  <testcase name="verifyFemaleTotalEmpReport" time="0.137" classname="org.shiksha.fleet.feature.homePageTestCases"/>
  <testcase name="verifyBusReport" time="0.108" classname="org.shiksha.fleet.feature.homePageTestCases">
    <failure type="org.openqa.selenium.StaleElementReferenceException" message="stale element reference: element is not attached to the page document
  (Session info: chrome=58.0.3029.110)
  (Driver info: chromedriver=2.29.461591 (62ebf098771772160f391d75e589dc567915b233),platform=Windows NT 6.1.7601 SP1 x86_64) (WARNING: The server did not provide any stacktrace information)
Command duration or timeout: 27 milliseconds
For documentation on this error, please visit: http://seleniumhq.org/exceptions/stale_element_reference.html
Build info: version: &amp;apos;unknown&amp;apos;, revision: &amp;apos;unknown&amp;apos;, time: &amp;apos;unknown&amp;apos;
System info: host: &amp;apos;ADMIN-PC&amp;apos;, ip: &amp;apos;192.168.1.10&amp;apos;, os.name: &amp;apos;Windows 7&amp;apos;, os.arch: &amp;apos;amd64&amp;apos;, os.version: &amp;apos;6.1&amp;apos;, java.version: &amp;apos;1.8.0_131&amp;apos;
Driver info: org.openqa.selenium.chrome.ChromeDriver
Capabilities [{applicationCacheEnabled=false, rotatable=false, mobileEmulationEnabled=false, networkConnectionEnabled=false, chrome={chromedriverVersion=2.29.461591 (62ebf098771772160f391d75e589dc567915b233), userDataDir=C:\Users\admin\AppData\Local\Temp\scoped_dir6952_6351}, takesHeapSnapshot=true, pageLoadStrategy=normal, databaseEnabled=false, handlesAlerts=true, hasTouchScreen=false, version=58.0.3029.110, platform=XP, browserConnectionEnabled=false, nativeEvents=true, acceptSslCerts=true, locationContextEnabled=true, webStorageEnabled=true, browserName=chrome, takesScreenshot=true, javascriptEnabled=true, cssSelectorsEnabled=true, unexpectedAlertBehaviour=}]
Session ID: a270dda843eb08fac3eb592f52edb617">
      <![CDATA[org.openqa.selenium.StaleElementReferenceException: stale element reference: element is not attached to the page document
  (Session info: chrome=58.0.3029.110)
  (Driver info: chromedriver=2.29.461591 (62ebf098771772160f391d75e589dc567915b233),platform=Windows NT 6.1.7601 SP1 x86_64) (WARNING: The server did not provide any stacktrace information)
Command duration or timeout: 27 milliseconds
For documentation on this error, please visit: http://seleniumhq.org/exceptions/stale_element_reference.html
Build info: version: 'unknown', revision: 'unknown', time: 'unknown'
System info: host: 'ADMIN-PC', ip: '192.168.1.10', os.name: 'Windows 7', os.arch: 'amd64', os.version: '6.1', java.version: '1.8.0_131'
Driver info: org.openqa.selenium.chrome.ChromeDriver
Capabilities [{applicationCacheEnabled=false, rotatable=false, mobileEmulationEnabled=false, networkConnectionEnabled=false, chrome={chromedriverVersion=2.29.461591 (62ebf098771772160f391d75e589dc567915b233), userDataDir=C:\Users\admin\AppData\Local\Temp\scoped_dir6952_6351}, takesHeapSnapshot=true, pageLoadStrategy=normal, databaseEnabled=false, handlesAlerts=true, hasTouchScreen=false, version=58.0.3029.110, platform=XP, browserConnectionEnabled=false, nativeEvents=true, acceptSslCerts=true, locationContextEnabled=true, webStorageEnabled=true, browserName=chrome, takesScreenshot=true, javascriptEnabled=true, cssSelectorsEnabled=true, unexpectedAlertBehaviour=}]
Session ID: a270dda843eb08fac3eb592f52edb617
	at org.openqa.selenium.remote.ErrorHandler.createThrowable(ErrorHandler.java:215)
	at org.openqa.selenium.remote.ErrorHandler.throwIfResponseFailed(ErrorHandler.java:167)
	at org.openqa.selenium.remote.RemoteWebDriver.execute(RemoteWebDriver.java:671)
	at org.openqa.selenium.remote.RemoteWebElement.execute(RemoteWebElement.java:272)
	at org.openqa.selenium.remote.RemoteWebElement.getText(RemoteWebElement.java:156)
	at org.shiksha.fleet.pom.HomePage.VerifyBusReportReport(HomePage.java:90)
	at org.shiksha.fleet.feature.homePageTestCases.verifyBusReport(homePageTestCases.java:69)
... Removed 29 stack frames]]>
    </failure>
  </testcase> <!-- verifyBusReport -->
  <testcase name="verifyShiftSummeryReport" time="0.13" classname="org.shiksha.fleet.feature.homePageTestCases"/>
  <testcase name="verifyScheduleSummeryReport" time="0.101" classname="org.shiksha.fleet.feature.homePageTestCases"/>
  <testcase name="checkTraceFleetPage" time="4.976" classname="org.shiksha.fleet.feature.traceFleetTestCases"/>
  <testcase name="checkFiledDetails" time="0.28" classname="org.shiksha.fleet.feature.traceFleetTestCases"/>
  <testcase name="verifyNotificationPageDetails" time="3.412" classname="org.shiksha.fleet.feature.notificationPageTestCases"/>
  <testcase name="verifyAddRoutePageDetails" time="5.416" classname="org.shiksha.fleet.feature.routesAddRouteTestCases"/>
  <testcase name="verifyAllFieldEmpty" time="8.402" classname="org.shiksha.fleet.feature.routesAddRouteTestCases"/>
  <testcase name="typeRouteNameClickPreviewButton" time="8.432" classname="org.shiksha.fleet.feature.routesAddRouteTestCases"/>
  <testcase name="typeRouteNameCharacterClickPreviewButton" time="8.349" classname="org.shiksha.fleet.feature.routesAddRouteTestCases"/>
  <testcase name="typeRouteNameNumericClickPreviewButton" time="8.378" classname="org.shiksha.fleet.feature.routesAddRouteTestCases"/>
  <testcase name="typeRouteNameSpecialClickPreviewButton" time="8.419" classname="org.shiksha.fleet.feature.routesAddRouteTestCases"/>
  <testcase name="typeRouteSelectDropDownClickPreview" time="8.865" classname="org.shiksha.fleet.feature.routesAddRouteTestCases"/>
  <testcase name="typeRouteSelectDestinationDropDownClickPreview" time="11.353" classname="org.shiksha.fleet.feature.routesAddRouteTestCases"/>
  <testcase name="typeRouteNameSourceDropDownAndClickPreview" time="9.777" classname="org.shiksha.fleet.feature.routesAddRouteTestCases"/>
  <testcase name="VerifyOneStopAlertMessage" time="9.185" classname="org.shiksha.fleet.feature.routesAddRouteTestCases"/>
  <testcase name="verifyStoppageButton" time="9.671" classname="org.shiksha.fleet.feature.routesAddRouteTestCases"/>
  <testcase name="verifySourceStoppageSameAlertMessage" time="11.705" classname="org.shiksha.fleet.feature.routesAddRouteTestCases"/>
  <testcase name="verifyDestinationStoppageSameAlertMessage" time="11.976" classname="org.shiksha.fleet.feature.routesAddRouteTestCases"/>
  <testcase name="verifyMapAndTakeScreenshot" time="12.953" classname="org.shiksha.fleet.feature.routesAddRouteTestCases"/>
  <testcase name="verifyStoppageDeleteIconClick" time="4.285" classname="org.shiksha.fleet.feature.routesAddRouteTestCases"/>
  <testcase name="verifyAddRoutePageE2E" time="21.001" classname="org.shiksha.fleet.feature.routesAddRouteTestCases"/>
  <testcase name="verifyAddShowRoute" time="0.018" classname="org.shiksha.fleet.feature.showRouteTestCases">
    <failure type="org.openqa.selenium.NoSuchElementException" message="no such element: Unable to locate element: {&amp;quot;method&amp;quot;:&amp;quot;xpath&amp;quot;,&amp;quot;selector&amp;quot;:&amp;quot;.//*[@id=&amp;apos;swal2-content&amp;apos;]&amp;quot;}
  (Session info: chrome=58.0.3029.110)
  (Driver info: chromedriver=2.29.461591 (62ebf098771772160f391d75e589dc567915b233),platform=Windows NT 6.1.7601 SP1 x86_64) (WARNING: The server did not provide any stacktrace information)
Command duration or timeout: 16 milliseconds
For documentation on this error, please visit: http://seleniumhq.org/exceptions/no_such_element.html
Build info: version: &amp;apos;unknown&amp;apos;, revision: &amp;apos;unknown&amp;apos;, time: &amp;apos;unknown&amp;apos;
System info: host: &amp;apos;ADMIN-PC&amp;apos;, ip: &amp;apos;192.168.1.10&amp;apos;, os.name: &amp;apos;Windows 7&amp;apos;, os.arch: &amp;apos;amd64&amp;apos;, os.version: &amp;apos;6.1&amp;apos;, java.version: &amp;apos;1.8.0_131&amp;apos;
Driver info: org.openqa.selenium.chrome.ChromeDriver
Capabilities [{applicationCacheEnabled=false, rotatable=false, mobileEmulationEnabled=false, networkConnectionEnabled=false, chrome={chromedriverVersion=2.29.461591 (62ebf098771772160f391d75e589dc567915b233), userDataDir=C:\Users\admin\AppData\Local\Temp\scoped_dir6952_6351}, takesHeapSnapshot=true, pageLoadStrategy=normal, databaseEnabled=false, handlesAlerts=true, hasTouchScreen=false, version=58.0.3029.110, platform=XP, browserConnectionEnabled=false, nativeEvents=true, acceptSslCerts=true, locationContextEnabled=true, webStorageEnabled=true, browserName=chrome, takesScreenshot=true, javascriptEnabled=true, cssSelectorsEnabled=true, unexpectedAlertBehaviour=}]
Session ID: a270dda843eb08fac3eb592f52edb617
*** Element info: {Using=xpath, value=.//*[@id=&amp;apos;swal2-content&amp;apos;]}">
      <![CDATA[org.openqa.selenium.NoSuchElementException: no such element: Unable to locate element: {"method":"xpath","selector":".//*[@id='swal2-content']"}
  (Session info: chrome=58.0.3029.110)
  (Driver info: chromedriver=2.29.461591 (62ebf098771772160f391d75e589dc567915b233),platform=Windows NT 6.1.7601 SP1 x86_64) (WARNING: The server did not provide any stacktrace information)
Command duration or timeout: 16 milliseconds
For documentation on this error, please visit: http://seleniumhq.org/exceptions/no_such_element.html
Build info: version: 'unknown', revision: 'unknown', time: 'unknown'
System info: host: 'ADMIN-PC', ip: '192.168.1.10', os.name: 'Windows 7', os.arch: 'amd64', os.version: '6.1', java.version: '1.8.0_131'
Driver info: org.openqa.selenium.chrome.ChromeDriver
Capabilities [{applicationCacheEnabled=false, rotatable=false, mobileEmulationEnabled=false, networkConnectionEnabled=false, chrome={chromedriverVersion=2.29.461591 (62ebf098771772160f391d75e589dc567915b233), userDataDir=C:\Users\admin\AppData\Local\Temp\scoped_dir6952_6351}, takesHeapSnapshot=true, pageLoadStrategy=normal, databaseEnabled=false, handlesAlerts=true, hasTouchScreen=false, version=58.0.3029.110, platform=XP, browserConnectionEnabled=false, nativeEvents=true, acceptSslCerts=true, locationContextEnabled=true, webStorageEnabled=true, browserName=chrome, takesScreenshot=true, javascriptEnabled=true, cssSelectorsEnabled=true, unexpectedAlertBehaviour=}]
Session ID: a270dda843eb08fac3eb592f52edb617
*** Element info: {Using=xpath, value=.//*[@id='swal2-content']}
	at org.openqa.selenium.remote.ErrorHandler.createThrowable(ErrorHandler.java:215)
	at org.openqa.selenium.remote.ErrorHandler.throwIfResponseFailed(ErrorHandler.java:167)
	at org.openqa.selenium.remote.RemoteWebDriver.execute(RemoteWebDriver.java:671)
	at org.openqa.selenium.remote.RemoteWebDriver.findElement(RemoteWebDriver.java:410)
	at org.openqa.selenium.remote.RemoteWebDriver.findElementByXPath(RemoteWebDriver.java:509)
	at org.openqa.selenium.By$ByXPath.findElement(By.java:361)
	at org.openqa.selenium.remote.RemoteWebDriver.findElement(RemoteWebDriver.java:402)
	at org.shiksha.fleet.pom.routesAddRoute.handleAlert(routesAddRoute.java:234)
	at org.shiksha.fleet.feature.showRouteTestCases.verifyAddShowRoute(showRouteTestCases.java:31)
... Removed 29 stack frames]]>
    </failure>
  </testcase> <!-- verifyAddShowRoute -->
  <testcase name="clickOnCreateSchedulePage" time="35.4" classname="org.shiksha.fleet.feature.createScheduleTestCase"/>
  <testcase name="@BeforeSuite beforeSuite" time="0.0" classname="org.shiksha.fleet.Main.testBase">
    <ignored/>
  </testcase> <!-- @BeforeSuite beforeSuite -->
  <testcase name="@BeforeSuite beforeSuite" time="0.0" classname="org.shiksha.fleet.Main.testBase">
    <ignored/>
  </testcase> <!-- @BeforeSuite beforeSuite -->
  <testcase name="@BeforeSuite beforeSuite" time="0.0" classname="org.shiksha.fleet.Main.testBase">
    <ignored/>
  </testcase> <!-- @BeforeSuite beforeSuite -->
  <testcase name="@BeforeSuite beforeSuite" time="0.0" classname="org.shiksha.fleet.Main.testBase">
    <ignored/>
  </testcase> <!-- @BeforeSuite beforeSuite -->
  <testcase name="@BeforeSuite beforeSuite" time="0.0" classname="org.shiksha.fleet.Main.testBase">
    <ignored/>
  </testcase> <!-- @BeforeSuite beforeSuite -->
  <testcase name="@BeforeSuite beforeSuite" time="0.0" classname="org.shiksha.fleet.Main.testBase">
    <ignored/>
  </testcase> <!-- @BeforeSuite beforeSuite -->
  <testcase name="@AfterSuite afterMethod" time="0.0" classname="org.shiksha.fleet.Main.testBase">
    <ignored/>
  </testcase> <!-- @AfterSuite afterMethod -->
  <testcase name="@AfterSuite afterMethod" time="0.0" classname="org.shiksha.fleet.Main.testBase">
    <ignored/>
  </testcase> <!-- @AfterSuite afterMethod -->
  <testcase name="@AfterSuite afterMethod" time="0.0" classname="org.shiksha.fleet.Main.testBase">
    <ignored/>
  </testcase> <!-- @AfterSuite afterMethod -->
  <testcase name="@AfterSuite afterMethod" time="0.0" classname="org.shiksha.fleet.Main.testBase">
    <ignored/>
  </testcase> <!-- @AfterSuite afterMethod -->
  <testcase name="@AfterSuite afterMethod" time="0.0" classname="org.shiksha.fleet.Main.testBase">
    <ignored/>
  </testcase> <!-- @AfterSuite afterMethod -->
  <testcase name="@AfterSuite afterMethod" time="0.0" classname="org.shiksha.fleet.Main.testBase">
    <ignored/>
  </testcase> <!-- @AfterSuite afterMethod -->
  <testcase name="provideCorrectUserNameAndCorrectMobileNumber" time="0.0" classname="org.shiksha.fleet.feature.loginPageTestCaseScript">
    <ignored/>
  </testcase> <!-- provideCorrectUserNameAndCorrectMobileNumber -->
</testsuite> <!-- Fleet Management -->
