<?xml version="1.0" encoding="UTF-8"?>
<testng-results skipped="0" failed="2" ignored="13" total="59" passed="44">
  <reporter-output>
  </reporter-output>
  <suite name="Fleet Management Suite" duration-ms="256308" started-at="2017-06-03T09:26:09Z" finished-at="2017-06-03T09:30:26Z">
    <groups>
    </groups>
    <test name="Fleet Management" duration-ms="256308" started-at="2017-06-03T09:26:09Z" finished-at="2017-06-03T09:30:26Z">
      <class name="org.shiksha.fleet.feature.loginPageTestCaseScript">
        <test-method status="PASS" signature="beforeSuite()[pri:0, instance:org.shiksha.fleet.feature.loginPageTestCaseScript@de3a06f]" name="beforeSuite" is-config="true" duration-ms="12220" started-at="2017-06-03T14:55:57Z" finished-at="2017-06-03T14:56:09Z">
          <reporter-output>
          </reporter-output>
        </test-method> <!-- beforeSuite -->
        <test-method status="PASS" signature="validUserNameAndInvalidPass()[pri:1, instance:org.shiksha.fleet.feature.loginPageTestCaseScript@de3a06f]" name="validUserNameAndInvalidPass" duration-ms="5817" started-at="2017-06-03T14:56:09Z" finished-at="2017-06-03T14:56:15Z">
          <reporter-output>
          </reporter-output>
        </test-method> <!-- validUserNameAndInvalidPass -->
        <test-method status="PASS" signature="invalidUserNameAndValidPass()[pri:2, instance:org.shiksha.fleet.feature.loginPageTestCaseScript@de3a06f]" name="invalidUserNameAndValidPass" duration-ms="1772" started-at="2017-06-03T14:56:15Z" finished-at="2017-06-03T14:56:17Z">
          <reporter-output>
          </reporter-output>
        </test-method> <!-- invalidUserNameAndValidPass -->
        <test-method status="PASS" signature="validUserNameAndEmptyPass()[pri:3, instance:org.shiksha.fleet.feature.loginPageTestCaseScript@de3a06f]" name="validUserNameAndEmptyPass" duration-ms="686" started-at="2017-06-03T14:56:17Z" finished-at="2017-06-03T14:56:18Z">
          <reporter-output>
          </reporter-output>
        </test-method> <!-- validUserNameAndEmptyPass -->
        <test-method status="PASS" signature="emptyUserNameAndValidPass()[pri:4, instance:org.shiksha.fleet.feature.loginPageTestCaseScript@de3a06f]" name="emptyUserNameAndValidPass" duration-ms="508" started-at="2017-06-03T14:56:18Z" description="Empty UserName and valid Password" finished-at="2017-06-03T14:56:18Z">
          <reporter-output>
          </reporter-output>
        </test-method> <!-- emptyUserNameAndValidPass -->
        <test-method status="PASS" signature="wrongUserNameAndWrongPass()[pri:5, instance:org.shiksha.fleet.feature.loginPageTestCaseScript@de3a06f]" name="wrongUserNameAndWrongPass" duration-ms="1982" started-at="2017-06-03T14:56:18Z" description="Wrong UserName and Wrong Password" finished-at="2017-06-03T14:56:20Z">
          <reporter-output>
          </reporter-output>
        </test-method> <!-- wrongUserNameAndWrongPass -->
        <test-method status="PASS" signature="emptyUserNameAndEmptyPass()[pri:6, instance:org.shiksha.fleet.feature.loginPageTestCaseScript@de3a06f]" name="emptyUserNameAndEmptyPass" duration-ms="853" started-at="2017-06-03T14:56:20Z" description="Empty UserName and Empty Password" finished-at="2017-06-03T14:56:21Z">
          <reporter-output>
          </reporter-output>
        </test-method> <!-- emptyUserNameAndEmptyPass -->
        <test-method status="PASS" signature="clickForgotLink()[pri:7, instance:org.shiksha.fleet.feature.loginPageTestCaseScript@de3a06f]" name="clickForgotLink" duration-ms="1138" started-at="2017-06-03T14:56:21Z" description="Click on Forgot Link" finished-at="2017-06-03T14:56:22Z">
          <reporter-output>
          </reporter-output>
        </test-method> <!-- clickForgotLink -->
        <test-method status="PASS" signature="provideUserDigitbutNotMobileNumber()[pri:8, instance:org.shiksha.fleet.feature.loginPageTestCaseScript@de3a06f]" name="provideUserDigitbutNotMobileNumber" duration-ms="2697" started-at="2017-06-03T14:56:22Z" description="Provide digit Value as UserName but not Mobile Number then click Submit Button" finished-at="2017-06-03T14:56:25Z">
          <reporter-output>
          </reporter-output>
        </test-method> <!-- provideUserDigitbutNotMobileNumber -->
        <test-method status="PASS" signature="provideEmailInUserNamebutNotMobileNumber()[pri:9, instance:org.shiksha.fleet.feature.loginPageTestCaseScript@de3a06f]" name="provideEmailInUserNamebutNotMobileNumber" duration-ms="2472" started-at="2017-06-03T14:56:25Z" description="Provide Email As UserName but not Mobile Number then click Submit Button" finished-at="2017-06-03T14:56:27Z">
          <reporter-output>
          </reporter-output>
        </test-method> <!-- provideEmailInUserNamebutNotMobileNumber -->
        <test-method status="PASS" signature="provideNumericInUserNamebutNotMobileNumber()[pri:10, instance:org.shiksha.fleet.feature.loginPageTestCaseScript@de3a06f]" name="provideNumericInUserNamebutNotMobileNumber" duration-ms="2517" started-at="2017-06-03T14:56:27Z" description="Provide Numeric As UserName but not Mobile Number then click Submit Button" finished-at="2017-06-03T14:56:30Z">
          <reporter-output>
          </reporter-output>
        </test-method> <!-- provideNumericInUserNamebutNotMobileNumber -->
        <test-method status="PASS" signature="provideCorrectUserNamebutNotMobileNumber()[pri:11, instance:org.shiksha.fleet.feature.loginPageTestCaseScript@de3a06f]" name="provideCorrectUserNamebutNotMobileNumber" duration-ms="2506" started-at="2017-06-03T14:56:30Z" description="Provide Correct UserName but not Mobile Number then click Submit Button" finished-at="2017-06-03T14:56:32Z">
          <reporter-output>
          </reporter-output>
        </test-method> <!-- provideCorrectUserNamebutNotMobileNumber -->
        <test-method status="PASS" signature="provideCorrectUserNameAndWrongMobileNumnber()[pri:12, instance:org.shiksha.fleet.feature.loginPageTestCaseScript@de3a06f]" name="provideCorrectUserNameAndWrongMobileNumnber" duration-ms="3309" started-at="2017-06-03T14:56:32Z" description="Provide Correct UserName with Wrong Mobile Number then click Submit Button" finished-at="2017-06-03T14:56:35Z">
          <reporter-output>
          </reporter-output>
        </test-method> <!-- provideCorrectUserNameAndWrongMobileNumnber -->
        <test-method status="PASS" signature="provideEmptyUserNameAndCorrectMobileNumber()[pri:13, instance:org.shiksha.fleet.feature.loginPageTestCaseScript@de3a06f]" name="provideEmptyUserNameAndCorrectMobileNumber" duration-ms="2850" started-at="2017-06-03T14:56:36Z" description="Provide Empty UserName with Correct Mobile Number then click Submit Button" finished-at="2017-06-03T14:56:38Z">
          <reporter-output>
          </reporter-output>
        </test-method> <!-- provideEmptyUserNameAndCorrectMobileNumber -->
        <test-method status="PASS" signature="provideWrongUserNameAndWrongMobileNumber()[pri:14, instance:org.shiksha.fleet.feature.loginPageTestCaseScript@de3a06f]" name="provideWrongUserNameAndWrongMobileNumber" duration-ms="3837" started-at="2017-06-03T14:56:38Z" description="Provide Wrong UserName with Wrong Mobile Number then click Submit Button" finished-at="2017-06-03T14:56:42Z">
          <reporter-output>
          </reporter-output>
        </test-method> <!-- provideWrongUserNameAndWrongMobileNumber -->
        <test-method status="PASS" signature="provideEmptyUserNameAndEmptyMobileNumber()[pri:15, instance:org.shiksha.fleet.feature.loginPageTestCaseScript@de3a06f]" name="provideEmptyUserNameAndEmptyMobileNumber" duration-ms="2410" started-at="2017-06-03T14:56:42Z" description="Provide Empty UserName with Empty Mobile Number then click Submit Button" finished-at="2017-06-03T14:56:45Z">
          <reporter-output>
          </reporter-output>
        </test-method> <!-- provideEmptyUserNameAndEmptyMobileNumber -->
        <test-method status="PASS" signature="clearUserNameAndPassword()[pri:16, instance:org.shiksha.fleet.feature.loginPageTestCaseScript@de3a06f]" name="clearUserNameAndPassword" duration-ms="1879" started-at="2017-06-03T14:56:45Z" description="Clear Username And Password" finished-at="2017-06-03T14:56:46Z">
          <reporter-output>
          </reporter-output>
        </test-method> <!-- clearUserNameAndPassword -->
        <test-method status="PASS" signature="CloseForgot()[pri:17, instance:org.shiksha.fleet.feature.loginPageTestCaseScript@de3a06f]" name="CloseForgot" duration-ms="1739" started-at="2017-06-03T14:56:46Z" description="close Forgot Window" finished-at="2017-06-03T14:56:48Z">
          <reporter-output>
          </reporter-output>
        </test-method> <!-- CloseForgot -->
        <test-method status="PASS" signature="validUserNameAndValidPass()[pri:18, instance:org.shiksha.fleet.feature.loginPageTestCaseScript@de3a06f]" name="validUserNameAndValidPass" duration-ms="6438" started-at="2017-06-03T14:56:48Z" description="Valid UserName and Valid Password" finished-at="2017-06-03T14:56:55Z">
          <reporter-output>
          </reporter-output>
        </test-method> <!-- validUserNameAndValidPass -->
        <test-method status="PASS" signature="logout()[pri:0, instance:org.shiksha.fleet.feature.loginPageTestCaseScript@de3a06f]" name="logout" is-config="true" duration-ms="1531" started-at="2017-06-03T14:56:55Z" description="logout" finished-at="2017-06-03T14:56:56Z">
          <reporter-output>
          </reporter-output>
        </test-method> <!-- logout -->
        <test-method status="PASS" signature="afterMethod()[pri:0, instance:org.shiksha.fleet.feature.loginPageTestCaseScript@de3a06f]" name="afterMethod" is-config="true" duration-ms="729" started-at="2017-06-03T15:00:26Z" finished-at="2017-06-03T15:00:26Z">
          <reporter-output>
          </reporter-output>
        </test-method> <!-- afterMethod -->
      </class> <!-- org.shiksha.fleet.feature.loginPageTestCaseScript -->
      <class name="org.shiksha.fleet.feature.homePageTestCases">
        <test-method status="PASS" signature="beforeClass()[pri:0, instance:org.shiksha.fleet.feature.homePageTestCases@76b10754]" name="beforeClass" is-config="true" duration-ms="2436" started-at="2017-06-03T14:56:56Z" finished-at="2017-06-03T14:56:59Z">
          <reporter-output>
          </reporter-output>
        </test-method> <!-- beforeClass -->
        <test-method status="PASS" signature="verifySizeHomeDropDownMenu()[pri:20, instance:org.shiksha.fleet.feature.homePageTestCases@76b10754]" name="verifySizeHomeDropDownMenu" duration-ms="1745" started-at="2017-06-03T14:56:59Z" description="Fetch and display the contents from Home Drop Down List" finished-at="2017-06-03T14:57:00Z">
          <reporter-output>
          </reporter-output>
        </test-method> <!-- verifySizeHomeDropDownMenu -->
        <test-method status="PASS" signature="clickDashboard()[pri:21, instance:org.shiksha.fleet.feature.homePageTestCases@76b10754]" name="clickDashboard" duration-ms="1645" started-at="2017-06-03T14:57:00Z" description="Click on DashBoard" finished-at="2017-06-03T14:57:02Z">
          <reporter-output>
          </reporter-output>
        </test-method> <!-- clickDashboard -->
        <test-method status="PASS" signature="verifyTotalEmpReport()[pri:22, instance:org.shiksha.fleet.feature.homePageTestCases@76b10754]" name="verifyTotalEmpReport" duration-ms="705" started-at="2017-06-03T14:57:02Z" description="Verify Total Employee Repport on DashBoard Page" finished-at="2017-06-03T14:57:03Z">
          <reporter-output>
          </reporter-output>
        </test-method> <!-- verifyTotalEmpReport -->
        <test-method status="PASS" signature="verifyFemaleTotalEmpReport()[pri:23, instance:org.shiksha.fleet.feature.homePageTestCases@76b10754]" name="verifyFemaleTotalEmpReport" duration-ms="137" started-at="2017-06-03T14:57:03Z" description="Verify Female Employee Repport on DashBoard Page" finished-at="2017-06-03T14:57:03Z">
          <reporter-output>
          </reporter-output>
        </test-method> <!-- verifyFemaleTotalEmpReport -->
        <test-method status="FAIL" signature="verifyBusReport()[pri:24, instance:org.shiksha.fleet.feature.homePageTestCases@76b10754]" name="verifyBusReport" duration-ms="108" started-at="2017-06-03T14:57:03Z" description="Verify Bus Repport on DashBoard Page" finished-at="2017-06-03T14:57:03Z">
          <exception class="org.openqa.selenium.StaleElementReferenceException">
            <message>
              <![CDATA[stale element reference: element is not attached to the page document
  (Session info: chrome=58.0.3029.110)
  (Driver info: chromedriver=2.29.461591 (62ebf098771772160f391d75e589dc567915b233),platform=Windows NT 6.1.7601 SP1 x86_64) (WARNING: The server did not provide any stacktrace information)
Command duration or timeout: 27 milliseconds
For documentation on this error, please visit: http://seleniumhq.org/exceptions/stale_element_reference.html
Build info: version: 'unknown', revision: 'unknown', time: 'unknown'
System info: host: 'ADMIN-PC', ip: '192.168.1.10', os.name: 'Windows 7', os.arch: 'amd64', os.version: '6.1', java.version: '1.8.0_131'
Driver info: org.openqa.selenium.chrome.ChromeDriver
Capabilities [{applicationCacheEnabled=false, rotatable=false, mobileEmulationEnabled=false, networkConnectionEnabled=false, chrome={chromedriverVersion=2.29.461591 (62ebf098771772160f391d75e589dc567915b233), userDataDir=C:\Users\admin\AppData\Local\Temp\scoped_dir6952_6351}, takesHeapSnapshot=true, pageLoadStrategy=normal, databaseEnabled=false, handlesAlerts=true, hasTouchScreen=false, version=58.0.3029.110, platform=XP, browserConnectionEnabled=false, nativeEvents=true, acceptSslCerts=true, locationContextEnabled=true, webStorageEnabled=true, browserName=chrome, takesScreenshot=true, javascriptEnabled=true, cssSelectorsEnabled=true, unexpectedAlertBehaviour=}]
Session ID: a270dda843eb08fac3eb592f52edb617]]>
            </message>
            <full-stacktrace>
              <![CDATA[org.openqa.selenium.StaleElementReferenceException: stale element reference: element is not attached to the page document
  (Session info: chrome=58.0.3029.110)
  (Driver info: chromedriver=2.29.461591 (62ebf098771772160f391d75e589dc567915b233),platform=Windows NT 6.1.7601 SP1 x86_64) (WARNING: The server did not provide any stacktrace information)
Command duration or timeout: 27 milliseconds
For documentation on this error, please visit: http://seleniumhq.org/exceptions/stale_element_reference.html
Build info: version: 'unknown', revision: 'unknown', time: 'unknown'
System info: host: 'ADMIN-PC', ip: '192.168.1.10', os.name: 'Windows 7', os.arch: 'amd64', os.version: '6.1', java.version: '1.8.0_131'
Driver info: org.openqa.selenium.chrome.ChromeDriver
Capabilities [{applicationCacheEnabled=false, rotatable=false, mobileEmulationEnabled=false, networkConnectionEnabled=false, chrome={chromedriverVersion=2.29.461591 (62ebf098771772160f391d75e589dc567915b233), userDataDir=C:\Users\admin\AppData\Local\Temp\scoped_dir6952_6351}, takesHeapSnapshot=true, pageLoadStrategy=normal, databaseEnabled=false, handlesAlerts=true, hasTouchScreen=false, version=58.0.3029.110, platform=XP, browserConnectionEnabled=false, nativeEvents=true, acceptSslCerts=true, locationContextEnabled=true, webStorageEnabled=true, browserName=chrome, takesScreenshot=true, javascriptEnabled=true, cssSelectorsEnabled=true, unexpectedAlertBehaviour=}]
Session ID: a270dda843eb08fac3eb592f52edb617
	at sun.reflect.NativeConstructorAccessorImpl.newInstance0(Native Method)
	at sun.reflect.NativeConstructorAccessorImpl.newInstance(Unknown Source)
	at sun.reflect.DelegatingConstructorAccessorImpl.newInstance(Unknown Source)
	at java.lang.reflect.Constructor.newInstance(Unknown Source)
	at org.openqa.selenium.remote.ErrorHandler.createThrowable(ErrorHandler.java:215)
	at org.openqa.selenium.remote.ErrorHandler.throwIfResponseFailed(ErrorHandler.java:167)
	at org.openqa.selenium.remote.RemoteWebDriver.execute(RemoteWebDriver.java:671)
	at org.openqa.selenium.remote.RemoteWebElement.execute(RemoteWebElement.java:272)
	at org.openqa.selenium.remote.RemoteWebElement.getText(RemoteWebElement.java:156)
	at org.shiksha.fleet.pom.HomePage.VerifyBusReportReport(HomePage.java:90)
	at org.shiksha.fleet.feature.homePageTestCases.verifyBusReport(homePageTestCases.java:69)
	at sun.reflect.NativeMethodAccessorImpl.invoke0(Native Method)
	at sun.reflect.NativeMethodAccessorImpl.invoke(Unknown Source)
	at sun.reflect.DelegatingMethodAccessorImpl.invoke(Unknown Source)
	at java.lang.reflect.Method.invoke(Unknown Source)
	at org.testng.internal.MethodInvocationHelper.invokeMethod(MethodInvocationHelper.java:108)
	at org.testng.internal.Invoker.invokeMethod(Invoker.java:661)
	at org.testng.internal.Invoker.invokeTestMethod(Invoker.java:869)
	at org.testng.internal.Invoker.invokeTestMethods(Invoker.java:1193)
	at org.testng.internal.TestMethodWorker.invokeTestMethods(TestMethodWorker.java:126)
	at org.testng.internal.TestMethodWorker.run(TestMethodWorker.java:109)
	at org.testng.TestRunner.privateRun(TestRunner.java:744)
	at org.testng.TestRunner.run(TestRunner.java:602)
	at org.testng.SuiteRunner.runTest(SuiteRunner.java:380)
	at org.testng.SuiteRunner.runSequentially(SuiteRunner.java:375)
	at org.testng.SuiteRunner.privateRun(SuiteRunner.java:340)
	at org.testng.SuiteRunner.run(SuiteRunner.java:289)
	at org.testng.SuiteRunnerWorker.runSuite(SuiteRunnerWorker.java:52)
	at org.testng.SuiteRunnerWorker.run(SuiteRunnerWorker.java:86)
	at org.testng.TestNG.runSuitesSequentially(TestNG.java:1301)
	at org.testng.TestNG.runSuitesLocally(TestNG.java:1226)
	at org.testng.TestNG.runSuites(TestNG.java:1144)
	at org.testng.TestNG.run(TestNG.java:1115)
	at org.testng.remote.AbstractRemoteTestNG.run(AbstractRemoteTestNG.java:132)
	at org.testng.remote.RemoteTestNG.initAndRun(RemoteTestNG.java:230)
	at org.testng.remote.RemoteTestNG.main(RemoteTestNG.java:76)
]]>
            </full-stacktrace>
          </exception> <!-- org.openqa.selenium.StaleElementReferenceException -->
          <reporter-output>
          </reporter-output>
        </test-method> <!-- verifyBusReport -->
        <test-method status="PASS" signature="verifyShiftSummeryReport()[pri:25, instance:org.shiksha.fleet.feature.homePageTestCases@76b10754]" name="verifyShiftSummeryReport" duration-ms="130" started-at="2017-06-03T14:57:03Z" description="Verify Shift Summary Report on DashBoard Page" finished-at="2017-06-03T14:57:03Z">
          <reporter-output>
          </reporter-output>
        </test-method> <!-- verifyShiftSummeryReport -->
        <test-method status="PASS" signature="verifyScheduleSummeryReport()[pri:26, instance:org.shiksha.fleet.feature.homePageTestCases@76b10754]" name="verifyScheduleSummeryReport" duration-ms="101" started-at="2017-06-03T14:57:03Z" description="Verify Schedule Summary Report on DashBoard Page" finished-at="2017-06-03T14:57:03Z">
          <reporter-output>
          </reporter-output>
        </test-method> <!-- verifyScheduleSummeryReport -->
      </class> <!-- org.shiksha.fleet.feature.homePageTestCases -->
      <class name="org.shiksha.fleet.feature.traceFleetTestCases">
        <test-method status="PASS" signature="checkTraceFleetPage()[pri:27, instance:org.shiksha.fleet.feature.traceFleetTestCases@2bea5ab4]" name="checkTraceFleetPage" duration-ms="4976" started-at="2017-06-03T14:57:03Z" description="Verify Trace Fleet Page is opened or not" finished-at="2017-06-03T14:57:08Z">
          <reporter-output>
          </reporter-output>
        </test-method> <!-- checkTraceFleetPage -->
        <test-method status="PASS" signature="checkFiledDetails()[pri:28, instance:org.shiksha.fleet.feature.traceFleetTestCases@2bea5ab4]" name="checkFiledDetails" duration-ms="280" started-at="2017-06-03T14:57:08Z" description="Verify Trace Field Table Details" finished-at="2017-06-03T14:57:08Z">
          <reporter-output>
          </reporter-output>
        </test-method> <!-- checkFiledDetails -->
      </class> <!-- org.shiksha.fleet.feature.traceFleetTestCases -->
      <class name="org.shiksha.fleet.feature.notificationPageTestCases">
        <test-method status="PASS" signature="verifyNotificationPageDetails()[pri:29, instance:org.shiksha.fleet.feature.notificationPageTestCases@3d8314f0]" name="verifyNotificationPageDetails" duration-ms="3412" started-at="2017-06-03T14:57:08Z" description="Verify Notification Page Fields" finished-at="2017-06-03T14:57:12Z">
          <reporter-output>
          </reporter-output>
        </test-method> <!-- verifyNotificationPageDetails -->
      </class> <!-- org.shiksha.fleet.feature.notificationPageTestCases -->
      <class name="org.shiksha.fleet.feature.createScheduleTestCase">
        <test-method status="PASS" signature="clickOnCreateSchedulePage()[pri:47, instance:org.shiksha.fleet.feature.createScheduleTestCase@2a40cd94]" name="clickOnCreateSchedulePage" duration-ms="35400" started-at="2017-06-03T14:59:50Z" description="Click on Create Schedule Page" finished-at="2017-06-03T15:00:26Z">
          <reporter-output>
          </reporter-output>
        </test-method> <!-- clickOnCreateSchedulePage -->
      </class> <!-- org.shiksha.fleet.feature.createScheduleTestCase -->
      <class name="org.shiksha.fleet.feature.routesAddRouteTestCases">
        <test-method status="PASS" signature="verifyAddRoutePageDetails()[pri:30, instance:org.shiksha.fleet.feature.routesAddRouteTestCases@2df32bf7]" name="verifyAddRoutePageDetails" duration-ms="5416" started-at="2017-06-03T14:57:12Z" description="Navigate to Routes and click add route" finished-at="2017-06-03T14:57:17Z">
          <reporter-output>
          </reporter-output>
        </test-method> <!-- verifyAddRoutePageDetails -->
        <test-method status="PASS" signature="verifyAllFieldEmpty()[pri:31, instance:org.shiksha.fleet.feature.routesAddRouteTestCases@2df32bf7]" name="verifyAllFieldEmpty" duration-ms="8402" started-at="2017-06-03T14:57:17Z" description="All Field Should be empty on Add Route Page" finished-at="2017-06-03T14:57:26Z">
          <reporter-output>
          </reporter-output>
        </test-method> <!-- verifyAllFieldEmpty -->
        <test-method status="PASS" signature="typeRouteNameClickPreviewButton()[pri:32, instance:org.shiksha.fleet.feature.routesAddRouteTestCases@2df32bf7]" name="typeRouteNameClickPreviewButton" duration-ms="8432" started-at="2017-06-03T14:57:26Z" description="Type Route Name and Click on Preview Button " finished-at="2017-06-03T14:57:34Z">
          <reporter-output>
          </reporter-output>
        </test-method> <!-- typeRouteNameClickPreviewButton -->
        <test-method status="PASS" signature="typeRouteNameCharacterClickPreviewButton()[pri:33, instance:org.shiksha.fleet.feature.routesAddRouteTestCases@2df32bf7]" name="typeRouteNameCharacterClickPreviewButton" duration-ms="8349" started-at="2017-06-03T14:57:34Z" description="Type Route Name Charcter Value and Click on Preview Button " finished-at="2017-06-03T14:57:42Z">
          <reporter-output>
          </reporter-output>
        </test-method> <!-- typeRouteNameCharacterClickPreviewButton -->
        <test-method status="PASS" signature="typeRouteNameNumericClickPreviewButton()[pri:34, instance:org.shiksha.fleet.feature.routesAddRouteTestCases@2df32bf7]" name="typeRouteNameNumericClickPreviewButton" duration-ms="8378" started-at="2017-06-03T14:57:42Z" description="Type Route Name Numeric Value and Click on Preview Button " finished-at="2017-06-03T14:57:51Z">
          <reporter-output>
          </reporter-output>
        </test-method> <!-- typeRouteNameNumericClickPreviewButton -->
        <test-method status="PASS" signature="typeRouteNameSpecialClickPreviewButton()[pri:35, instance:org.shiksha.fleet.feature.routesAddRouteTestCases@2df32bf7]" name="typeRouteNameSpecialClickPreviewButton" duration-ms="8419" started-at="2017-06-03T14:57:51Z" description="Type Route Name Special Value and Click on Preview Button " finished-at="2017-06-03T14:57:59Z">
          <reporter-output>
          </reporter-output>
        </test-method> <!-- typeRouteNameSpecialClickPreviewButton -->
        <test-method status="PASS" signature="typeRouteSelectDropDownClickPreview()[pri:36, instance:org.shiksha.fleet.feature.routesAddRouteTestCases@2df32bf7]" name="typeRouteSelectDropDownClickPreview" duration-ms="8865" started-at="2017-06-03T14:57:59Z" description="type Route Name and select source from dropdown and click preview" finished-at="2017-06-03T14:58:08Z">
          <reporter-output>
          </reporter-output>
        </test-method> <!-- typeRouteSelectDropDownClickPreview -->
        <test-method status="PASS" signature="typeRouteSelectDestinationDropDownClickPreview()[pri:37, instance:org.shiksha.fleet.feature.routesAddRouteTestCases@2df32bf7]" name="typeRouteSelectDestinationDropDownClickPreview" duration-ms="11353" started-at="2017-06-03T14:58:08Z" description="type Route Name and select destination from dropdown and click preview" finished-at="2017-06-03T14:58:20Z">
          <reporter-output>
          </reporter-output>
        </test-method> <!-- typeRouteSelectDestinationDropDownClickPreview -->
        <test-method status="PASS" signature="typeRouteNameSourceDropDownAndClickPreview()[pri:38, instance:org.shiksha.fleet.feature.routesAddRouteTestCases@2df32bf7]" name="typeRouteNameSourceDropDownAndClickPreview" duration-ms="9777" started-at="2017-06-03T14:58:20Z" description="type Route Name and select destination from dropdown and click preview" finished-at="2017-06-03T14:58:29Z">
          <reporter-output>
          </reporter-output>
        </test-method> <!-- typeRouteNameSourceDropDownAndClickPreview -->
        <test-method status="PASS" signature="VerifyOneStopAlertMessage()[pri:39, instance:org.shiksha.fleet.feature.routesAddRouteTestCases@2df32bf7]" name="VerifyOneStopAlertMessage" duration-ms="9185" started-at="2017-06-03T14:58:29Z" description="type Route Name and select destination from dropdown and click preview" finished-at="2017-06-03T14:58:38Z">
          <reporter-output>
          </reporter-output>
        </test-method> <!-- VerifyOneStopAlertMessage -->
        <test-method status="PASS" signature="verifyStoppageButton()[pri:40, instance:org.shiksha.fleet.feature.routesAddRouteTestCases@2df32bf7]" name="verifyStoppageButton" duration-ms="9671" started-at="2017-06-03T14:58:38Z" description="Adding Stoppage button After click on Preview button" finished-at="2017-06-03T14:58:48Z">
          <reporter-output>
          </reporter-output>
        </test-method> <!-- verifyStoppageButton -->
        <test-method status="PASS" signature="verifySourceStoppageSameAlertMessage()[pri:41, instance:org.shiksha.fleet.feature.routesAddRouteTestCases@2df32bf7]" name="verifySourceStoppageSameAlertMessage" duration-ms="11705" started-at="2017-06-03T14:58:48Z" description="Verify Source stop is added again in stops..." finished-at="2017-06-03T14:59:00Z">
          <reporter-output>
          </reporter-output>
        </test-method> <!-- verifySourceStoppageSameAlertMessage -->
        <test-method status="PASS" signature="verifyDestinationStoppageSameAlertMessage()[pri:42, instance:org.shiksha.fleet.feature.routesAddRouteTestCases@2df32bf7]" name="verifyDestinationStoppageSameAlertMessage" duration-ms="11976" started-at="2017-06-03T14:59:00Z" description="verify Destination Stoppage Same Alert Message" finished-at="2017-06-03T14:59:12Z">
          <reporter-output>
          </reporter-output>
        </test-method> <!-- verifyDestinationStoppageSameAlertMessage -->
        <test-method status="PASS" signature="verifyMapAndTakeScreenshot()[pri:43, instance:org.shiksha.fleet.feature.routesAddRouteTestCases@2df32bf7]" name="verifyMapAndTakeScreenshot" duration-ms="12953" started-at="2017-06-03T14:59:12Z" description="verify Map And Take Screenshot" finished-at="2017-06-03T14:59:25Z">
          <reporter-output>
          </reporter-output>
        </test-method> <!-- verifyMapAndTakeScreenshot -->
        <test-method status="PASS" signature="verifyStoppageDeleteIconClick()[pri:44, instance:org.shiksha.fleet.feature.routesAddRouteTestCases@2df32bf7]" name="verifyStoppageDeleteIconClick" duration-ms="4285" started-at="2017-06-03T14:59:25Z" description="Verify destination stop is added again in stops..." finished-at="2017-06-03T14:59:29Z">
          <reporter-output>
          </reporter-output>
        </test-method> <!-- verifyStoppageDeleteIconClick -->
        <test-method status="PASS" signature="verifyAddRoutePageE2E()[pri:45, instance:org.shiksha.fleet.feature.routesAddRouteTestCases@2df32bf7]" name="verifyAddRoutePageE2E" duration-ms="21001" started-at="2017-06-03T14:59:29Z" description="All Functioanlity into once testcases in Add route" finished-at="2017-06-03T14:59:50Z">
          <reporter-output>
          </reporter-output>
        </test-method> <!-- verifyAddRoutePageE2E -->
      </class> <!-- org.shiksha.fleet.feature.routesAddRouteTestCases -->
      <class name="org.shiksha.fleet.feature.showRouteTestCases">
        <test-method status="FAIL" signature="verifyAddShowRoute()[pri:46, instance:org.shiksha.fleet.feature.showRouteTestCases@530612ba]" name="verifyAddShowRoute" duration-ms="18" started-at="2017-06-03T14:59:50Z" description="Show Route Test cases" finished-at="2017-06-03T14:59:50Z">
          <exception class="org.openqa.selenium.NoSuchElementException">
            <message>
              <![CDATA[no such element: Unable to locate element: {"method":"xpath","selector":".//*[@id='swal2-content']"}
  (Session info: chrome=58.0.3029.110)
  (Driver info: chromedriver=2.29.461591 (62ebf098771772160f391d75e589dc567915b233),platform=Windows NT 6.1.7601 SP1 x86_64) (WARNING: The server did not provide any stacktrace information)
Command duration or timeout: 16 milliseconds
For documentation on this error, please visit: http://seleniumhq.org/exceptions/no_such_element.html
Build info: version: 'unknown', revision: 'unknown', time: 'unknown'
System info: host: 'ADMIN-PC', ip: '192.168.1.10', os.name: 'Windows 7', os.arch: 'amd64', os.version: '6.1', java.version: '1.8.0_131'
Driver info: org.openqa.selenium.chrome.ChromeDriver
Capabilities [{applicationCacheEnabled=false, rotatable=false, mobileEmulationEnabled=false, networkConnectionEnabled=false, chrome={chromedriverVersion=2.29.461591 (62ebf098771772160f391d75e589dc567915b233), userDataDir=C:\Users\admin\AppData\Local\Temp\scoped_dir6952_6351}, takesHeapSnapshot=true, pageLoadStrategy=normal, databaseEnabled=false, handlesAlerts=true, hasTouchScreen=false, version=58.0.3029.110, platform=XP, browserConnectionEnabled=false, nativeEvents=true, acceptSslCerts=true, locationContextEnabled=true, webStorageEnabled=true, browserName=chrome, takesScreenshot=true, javascriptEnabled=true, cssSelectorsEnabled=true, unexpectedAlertBehaviour=}]
Session ID: a270dda843eb08fac3eb592f52edb617
*** Element info: {Using=xpath, value=.//*[@id='swal2-content']}]]>
            </message>
            <full-stacktrace>
              <![CDATA[org.openqa.selenium.NoSuchElementException: no such element: Unable to locate element: {"method":"xpath","selector":".//*[@id='swal2-content']"}
  (Session info: chrome=58.0.3029.110)
  (Driver info: chromedriver=2.29.461591 (62ebf098771772160f391d75e589dc567915b233),platform=Windows NT 6.1.7601 SP1 x86_64) (WARNING: The server did not provide any stacktrace information)
Command duration or timeout: 16 milliseconds
For documentation on this error, please visit: http://seleniumhq.org/exceptions/no_such_element.html
Build info: version: 'unknown', revision: 'unknown', time: 'unknown'
System info: host: 'ADMIN-PC', ip: '192.168.1.10', os.name: 'Windows 7', os.arch: 'amd64', os.version: '6.1', java.version: '1.8.0_131'
Driver info: org.openqa.selenium.chrome.ChromeDriver
Capabilities [{applicationCacheEnabled=false, rotatable=false, mobileEmulationEnabled=false, networkConnectionEnabled=false, chrome={chromedriverVersion=2.29.461591 (62ebf098771772160f391d75e589dc567915b233), userDataDir=C:\Users\admin\AppData\Local\Temp\scoped_dir6952_6351}, takesHeapSnapshot=true, pageLoadStrategy=normal, databaseEnabled=false, handlesAlerts=true, hasTouchScreen=false, version=58.0.3029.110, platform=XP, browserConnectionEnabled=false, nativeEvents=true, acceptSslCerts=true, locationContextEnabled=true, webStorageEnabled=true, browserName=chrome, takesScreenshot=true, javascriptEnabled=true, cssSelectorsEnabled=true, unexpectedAlertBehaviour=}]
Session ID: a270dda843eb08fac3eb592f52edb617
*** Element info: {Using=xpath, value=.//*[@id='swal2-content']}
	at sun.reflect.NativeConstructorAccessorImpl.newInstance0(Native Method)
	at sun.reflect.NativeConstructorAccessorImpl.newInstance(Unknown Source)
	at sun.reflect.DelegatingConstructorAccessorImpl.newInstance(Unknown Source)
	at java.lang.reflect.Constructor.newInstance(Unknown Source)
	at org.openqa.selenium.remote.ErrorHandler.createThrowable(ErrorHandler.java:215)
	at org.openqa.selenium.remote.ErrorHandler.throwIfResponseFailed(ErrorHandler.java:167)
	at org.openqa.selenium.remote.RemoteWebDriver.execute(RemoteWebDriver.java:671)
	at org.openqa.selenium.remote.RemoteWebDriver.findElement(RemoteWebDriver.java:410)
	at org.openqa.selenium.remote.RemoteWebDriver.findElementByXPath(RemoteWebDriver.java:509)
	at org.openqa.selenium.By$ByXPath.findElement(By.java:361)
	at org.openqa.selenium.remote.RemoteWebDriver.findElement(RemoteWebDriver.java:402)
	at org.shiksha.fleet.pom.routesAddRoute.handleAlert(routesAddRoute.java:234)
	at org.shiksha.fleet.feature.showRouteTestCases.verifyAddShowRoute(showRouteTestCases.java:31)
	at sun.reflect.NativeMethodAccessorImpl.invoke0(Native Method)
	at sun.reflect.NativeMethodAccessorImpl.invoke(Unknown Source)
	at sun.reflect.DelegatingMethodAccessorImpl.invoke(Unknown Source)
	at java.lang.reflect.Method.invoke(Unknown Source)
	at org.testng.internal.MethodInvocationHelper.invokeMethod(MethodInvocationHelper.java:108)
	at org.testng.internal.Invoker.invokeMethod(Invoker.java:661)
	at org.testng.internal.Invoker.invokeTestMethod(Invoker.java:869)
	at org.testng.internal.Invoker.invokeTestMethods(Invoker.java:1193)
	at org.testng.internal.TestMethodWorker.invokeTestMethods(TestMethodWorker.java:126)
	at org.testng.internal.TestMethodWorker.run(TestMethodWorker.java:109)
	at org.testng.TestRunner.privateRun(TestRunner.java:744)
	at org.testng.TestRunner.run(TestRunner.java:602)
	at org.testng.SuiteRunner.runTest(SuiteRunner.java:380)
	at org.testng.SuiteRunner.runSequentially(SuiteRunner.java:375)
	at org.testng.SuiteRunner.privateRun(SuiteRunner.java:340)
	at org.testng.SuiteRunner.run(SuiteRunner.java:289)
	at org.testng.SuiteRunnerWorker.runSuite(SuiteRunnerWorker.java:52)
	at org.testng.SuiteRunnerWorker.run(SuiteRunnerWorker.java:86)
	at org.testng.TestNG.runSuitesSequentially(TestNG.java:1301)
	at org.testng.TestNG.runSuitesLocally(TestNG.java:1226)
	at org.testng.TestNG.runSuites(TestNG.java:1144)
	at org.testng.TestNG.run(TestNG.java:1115)
	at org.testng.remote.AbstractRemoteTestNG.run(AbstractRemoteTestNG.java:132)
	at org.testng.remote.RemoteTestNG.initAndRun(RemoteTestNG.java:230)
	at org.testng.remote.RemoteTestNG.main(RemoteTestNG.java:76)
]]>
            </full-stacktrace>
          </exception> <!-- org.openqa.selenium.NoSuchElementException -->
          <reporter-output>
          </reporter-output>
        </test-method> <!-- verifyAddShowRoute -->
      </class> <!-- org.shiksha.fleet.feature.showRouteTestCases -->
    </test> <!-- Fleet Management -->
  </suite> <!-- Fleet Management Suite -->
</testng-results>
