<?xml version="1.0" encoding="UTF-8"?>
<!-- Generated by org.testng.reporters.JUnitXMLReporter -->
<testsuite hostname="admin-PC" ignored="1" name="Default test" tests="19" failures="1" timestamp="18 May 2017 10:07:01 GMT" time="11.88" errors="0">
  <testcase name="validUserNameAndInvalidPass" time="2.096" classname="testcase.loginPageTestCaseScript"/>
  <testcase name="invalidUserNameAndValidPass" time="1.428" classname="testcase.loginPageTestCaseScript"/>
  <testcase name="validUserNameAndEmptyPass" time="0.388" classname="testcase.loginPageTestCaseScript"/>
  <testcase name="emptyUserNameAndValidPass" time="0.248" classname="testcase.loginPageTestCaseScript"/>
  <testcase name="wrongUserNameAndWrongPass" time="1.463" classname="testcase.loginPageTestCaseScript"/>
  <testcase name="emptyUserNameAndEmptyPass" time="0.436" classname="testcase.loginPageTestCaseScript"/>
  <testcase name="clickForgotLink" time="0.131" classname="testcase.loginPageTestCaseScript"/>
  <testcase name="provideUserDigitbutNotMobileNumber" time="1.103" classname="testcase.loginPageTestCaseScript"/>
  <testcase name="provideEmailInUserNamebutNotMobileNumber" time="0.548" classname="testcase.loginPageTestCaseScript"/>
  <testcase name="provideNumericInUserNamebutNotMobileNumber" time="0.323" classname="testcase.loginPageTestCaseScript"/>
  <testcase name="provideCorrectUserNamebutNotMobileNumber" time="0.275" classname="testcase.loginPageTestCaseScript"/>
  <testcase name="provideCorrectUserNameAndWrongMobileNumnber" time="0.927" classname="testcase.loginPageTestCaseScript"/>
  <testcase name="provideEmptyUserNameAndCorrectMobileNumber" time="0.376" classname="testcase.loginPageTestCaseScript"/>
  <testcase name="provideWrongUserNameAndWrongMobileNumber" time="0.879" classname="testcase.loginPageTestCaseScript"/>
  <testcase name="provideEmptyUserNameAndEmptyMobileNumber" time="0.343" classname="testcase.loginPageTestCaseScript"/>
  <testcase name="clearUserNameAndPassword" time="0.228" classname="testcase.loginPageTestCaseScript"/>
  <testcase name="CloseForgot" time="0.121" classname="testcase.loginPageTestCaseScript"/>
  <testcase name="validUserNameAndValidPass" time="0.482" classname="testcase.loginPageTestCaseScript"/>
  <testcase name="logout" time="0.014" classname="testcase.loginPageTestCaseScript">
    <failure type="org.openqa.selenium.UnhandledAlertException" message="unexpected alert open: {Alert text : Please Provide Username and password}
  (Session info: chrome=58.0.3029.110)
  (Driver info: chromedriver=2.29.461591 (62ebf098771772160f391d75e589dc567915b233),platform=Windows NT 6.1.7601 SP1 x86_64) (WARNING: The server did not provide any stacktrace information)
Command duration or timeout: 4 milliseconds: null
Build info: version: &amp;apos;unknown&amp;apos;, revision: &amp;apos;unknown&amp;apos;, time: &amp;apos;unknown&amp;apos;
System info: host: &amp;apos;ADMIN-PC&amp;apos;, ip: &amp;apos;192.168.1.10&amp;apos;, os.name: &amp;apos;Windows 7&amp;apos;, os.arch: &amp;apos;amd64&amp;apos;, os.version: &amp;apos;6.1&amp;apos;, java.version: &amp;apos;1.8.0_131&amp;apos;
Driver info: org.openqa.selenium.chrome.ChromeDriver
Capabilities [{applicationCacheEnabled=false, rotatable=false, mobileEmulationEnabled=false, networkConnectionEnabled=false, chrome={chromedriverVersion=2.29.461591 (62ebf098771772160f391d75e589dc567915b233), userDataDir=C:\Users\admin\AppData\Local\Temp\scoped_dir4012_3585}, takesHeapSnapshot=true, pageLoadStrategy=normal, databaseEnabled=false, handlesAlerts=true, hasTouchScreen=false, version=58.0.3029.110, platform=XP, browserConnectionEnabled=false, nativeEvents=true, acceptSslCerts=true, locationContextEnabled=true, webStorageEnabled=true, browserName=chrome, takesScreenshot=true, javascriptEnabled=true, cssSelectorsEnabled=true, unexpectedAlertBehaviour=}]
Session ID: c491e49abfe613ef48ca4a3ca94c91d2
*** Element info: {Using=xpath, value=.//*[contains(text(),&amp;apos;demo&amp;apos;)]}">
      <![CDATA[org.openqa.selenium.UnhandledAlertException: unexpected alert open: {Alert text : Please Provide Username and password}
  (Session info: chrome=58.0.3029.110)
  (Driver info: chromedriver=2.29.461591 (62ebf098771772160f391d75e589dc567915b233),platform=Windows NT 6.1.7601 SP1 x86_64) (WARNING: The server did not provide any stacktrace information)
Command duration or timeout: 4 milliseconds: null
Build info: version: 'unknown', revision: 'unknown', time: 'unknown'
System info: host: 'ADMIN-PC', ip: '192.168.1.10', os.name: 'Windows 7', os.arch: 'amd64', os.version: '6.1', java.version: '1.8.0_131'
Driver info: org.openqa.selenium.chrome.ChromeDriver
Capabilities [{applicationCacheEnabled=false, rotatable=false, mobileEmulationEnabled=false, networkConnectionEnabled=false, chrome={chromedriverVersion=2.29.461591 (62ebf098771772160f391d75e589dc567915b233), userDataDir=C:\Users\admin\AppData\Local\Temp\scoped_dir4012_3585}, takesHeapSnapshot=true, pageLoadStrategy=normal, databaseEnabled=false, handlesAlerts=true, hasTouchScreen=false, version=58.0.3029.110, platform=XP, browserConnectionEnabled=false, nativeEvents=true, acceptSslCerts=true, locationContextEnabled=true, webStorageEnabled=true, browserName=chrome, takesScreenshot=true, javascriptEnabled=true, cssSelectorsEnabled=true, unexpectedAlertBehaviour=}]
Session ID: c491e49abfe613ef48ca4a3ca94c91d2
*** Element info: {Using=xpath, value=.//*[contains(text(),'demo')]}
	at sun.reflect.NativeConstructorAccessorImpl.newInstance0(Native Method)
	at sun.reflect.NativeConstructorAccessorImpl.newInstance(Unknown Source)
	at sun.reflect.DelegatingConstructorAccessorImpl.newInstance(Unknown Source)
	at java.lang.reflect.Constructor.newInstance(Unknown Source)
	at org.openqa.selenium.remote.ErrorHandler.createThrowable(ErrorHandler.java:215)
	at org.openqa.selenium.remote.ErrorHandler.throwIfResponseFailed(ErrorHandler.java:173)
	at org.openqa.selenium.remote.RemoteWebDriver.execute(RemoteWebDriver.java:671)
	at org.openqa.selenium.remote.RemoteWebDriver.findElements(RemoteWebDriver.java:437)
	at org.openqa.selenium.remote.RemoteWebDriver.findElementsByXPath(RemoteWebDriver.java:513)
	at org.openqa.selenium.By$ByXPath.findElements(By.java:356)
	at org.openqa.selenium.remote.RemoteWebDriver.findElements(RemoteWebDriver.java:398)
	at org.openqa.selenium.support.ui.ExpectedConditions.findElement(ExpectedConditions.java:882)
	at org.openqa.selenium.support.ui.ExpectedConditions.access$000(ExpectedConditions.java:44)
	at org.openqa.selenium.support.ui.ExpectedConditions$7.apply(ExpectedConditions.java:206)
	at org.openqa.selenium.support.ui.ExpectedConditions$7.apply(ExpectedConditions.java:202)
	at org.openqa.selenium.support.ui.FluentWait.until(FluentWait.java:209)
	at pageMethod.loginPage.logout(loginPage.java:150)
	at testcase.loginPageTestCaseScript.logout(loginPageTestCaseScript.java:378)
	at sun.reflect.NativeMethodAccessorImpl.invoke0(Native Method)
	at sun.reflect.NativeMethodAccessorImpl.invoke(Unknown Source)
	at sun.reflect.DelegatingMethodAccessorImpl.invoke(Unknown Source)
	at java.lang.reflect.Method.invoke(Unknown Source)
	at org.testng.internal.MethodInvocationHelper.invokeMethod(MethodInvocationHelper.java:108)
	at org.testng.internal.Invoker.invokeMethod(Invoker.java:661)
	at org.testng.internal.Invoker.invokeTestMethod(Invoker.java:869)
	at org.testng.internal.Invoker.invokeTestMethods(Invoker.java:1193)
	at org.testng.internal.TestMethodWorker.invokeTestMethods(TestMethodWorker.java:126)
	at org.testng.internal.TestMethodWorker.run(TestMethodWorker.java:109)
	at org.testng.TestRunner.privateRun(TestRunner.java:744)
	at org.testng.TestRunner.run(TestRunner.java:602)
	at org.testng.SuiteRunner.runTest(SuiteRunner.java:380)
	at org.testng.SuiteRunner.runSequentially(SuiteRunner.java:375)
	at org.testng.SuiteRunner.privateRun(SuiteRunner.java:340)
	at org.testng.SuiteRunner.run(SuiteRunner.java:289)
	at org.testng.SuiteRunnerWorker.runSuite(SuiteRunnerWorker.java:52)
	at org.testng.SuiteRunnerWorker.run(SuiteRunnerWorker.java:86)
	at org.testng.TestNG.runSuitesSequentially(TestNG.java:1301)
	at org.testng.TestNG.runSuitesLocally(TestNG.java:1226)
	at org.testng.TestNG.runSuites(TestNG.java:1144)
	at org.testng.TestNG.run(TestNG.java:1115)
	at org.testng.remote.AbstractRemoteTestNG.run(AbstractRemoteTestNG.java:132)
	at org.testng.remote.RemoteTestNG.initAndRun(RemoteTestNG.java:230)
	at org.testng.remote.RemoteTestNG.main(RemoteTestNG.java:76)
]]>
    </failure>
  </testcase> <!-- logout -->
  <testcase name="provideCorrectUserNameAndCorrectMobileNumber" time="0.0" classname="testcase.loginPageTestCaseScript">
    <ignored/>
  </testcase> <!-- provideCorrectUserNameAndCorrectMobileNumber -->
</testsuite> <!-- Default test -->
